2025-02-10T13:05:00.486Z  INFO 21616 --- [ID_AUTH_SERVICE] [main] c.S.I.IdAuthServiceApplication           : Starting IdAuthServiceApplication using Java 17.0.12 with PID 21616 (C:\Users\will_\OneDrive\Desktop\The Prometheus Group\Applications\SocialX\ID_AUTH_SERVICE\build\classes\java\main started by will_ in C:\Users\will_\OneDrive\Desktop\The Prometheus Group\Applications\SocialX\ID_AUTH_SERVICE)
2025-02-10T13:05:00.488Z DEBUG 21616 --- [ID_AUTH_SERVICE] [main] c.S.I.IdAuthServiceApplication           : Running with Spring Boot v3.2.3, Spring v6.1.4
2025-02-10T13:05:00.489Z  INFO 21616 --- [ID_AUTH_SERVICE] [main] c.S.I.IdAuthServiceApplication           : No active profile set, falling back to 1 default profile: "default"
2025-02-10T13:05:00.913Z  INFO 21616 --- [ID_AUTH_SERVICE] [main] .s.d.r.c.RepositoryConfigurationDelegate : Bootstrapping Spring Data JPA repositories in DEFAULT mode.
2025-02-10T13:05:00.955Z  INFO 21616 --- [ID_AUTH_SERVICE] [main] .s.d.r.c.RepositoryConfigurationDelegate : Finished Spring Data repository scanning in 30 ms. Found 1 JPA repository interface.
2025-02-10T13:05:01.602Z  INFO 21616 --- [ID_AUTH_SERVICE] [main] o.s.b.w.embedded.tomcat.TomcatWebServer  : Tomcat initialized with port 8080 (http)
2025-02-10T13:05:01.610Z  INFO 21616 --- [ID_AUTH_SERVICE] [main] o.apache.catalina.core.StandardService   : Starting service [Tomcat]
2025-02-10T13:05:01.610Z  INFO 21616 --- [ID_AUTH_SERVICE] [main] o.apache.catalina.core.StandardEngine    : Starting Servlet engine: [Apache Tomcat/10.1.19]
2025-02-10T13:05:01.657Z  INFO 21616 --- [ID_AUTH_SERVICE] [main] o.a.c.c.C.[Tomcat].[localhost].[/]       : Initializing Spring embedded WebApplicationContext
2025-02-10T13:05:01.657Z  INFO 21616 --- [ID_AUTH_SERVICE] [main] w.s.c.ServletWebServerApplicationContext : Root WebApplicationContext: initialization completed in 1119 ms
2025-02-10T13:05:01.696Z  INFO 21616 --- [ID_AUTH_SERVICE] [main] com.zaxxer.hikari.HikariDataSource       : HikariPool-1 - Starting...
2025-02-10T13:05:01.819Z  INFO 21616 --- [ID_AUTH_SERVICE] [main] com.zaxxer.hikari.pool.HikariPool        : HikariPool-1 - Added connection conn0: url=jdbc:h2:mem:testdb user=SA
2025-02-10T13:05:01.820Z  INFO 21616 --- [ID_AUTH_SERVICE] [main] com.zaxxer.hikari.HikariDataSource       : HikariPool-1 - Start completed.
2025-02-10T13:05:01.828Z  INFO 21616 --- [ID_AUTH_SERVICE] [main] o.s.b.a.h2.H2ConsoleAutoConfiguration    : H2 console available at '/h2-console'. Database available at 'jdbc:h2:mem:testdb'
2025-02-10T13:05:01.896Z  INFO 21616 --- [ID_AUTH_SERVICE] [main] o.hibernate.jpa.internal.util.LogHelper  : HHH000204: Processing PersistenceUnitInfo [name: default]
2025-02-10T13:05:01.938Z  INFO 21616 --- [ID_AUTH_SERVICE] [main] org.hibernate.Version                    : HHH000412: Hibernate ORM core version 6.4.4.Final
2025-02-10T13:05:01.961Z  INFO 21616 --- [ID_AUTH_SERVICE] [main] o.h.c.internal.RegionFactoryInitiator    : HHH000026: Second-level cache disabled
2025-02-10T13:05:02.161Z  INFO 21616 --- [ID_AUTH_SERVICE] [main] o.s.o.j.p.SpringPersistenceUnitInfo      : No LoadTimeWeaver setup: ignoring JPA class transformer
2025-02-10T13:05:02.192Z  WARN 21616 --- [ID_AUTH_SERVICE] [main] org.hibernate.orm.deprecation            : HHH90000025: H2Dialect does not need to be specified explicitly using 'hibernate.dialect' (remove the property setting and it will be selected by default)
2025-02-10T13:05:02.768Z  INFO 21616 --- [ID_AUTH_SERVICE] [main] o.h.e.t.j.p.i.JtaPlatformInitiator       : HHH000489: No JTA platform available (set 'hibernate.transaction.jta.platform' to enable JTA platform integration)
2025-02-10T13:05:02.809Z DEBUG 21616 --- [ID_AUTH_SERVICE] [main] org.hibernate.SQL                        : 
    drop table if exists token_blacklist cascade 
2025-02-10T13:05:02.822Z DEBUG 21616 --- [ID_AUTH_SERVICE] [main] org.hibernate.SQL                        : 
    drop table if exists users cascade 
2025-02-10T13:05:02.837Z DEBUG 21616 --- [ID_AUTH_SERVICE] [main] org.hibernate.SQL                        : 
    create table token_blacklist (
        blacklisted_at timestamp(6) not null,
        expires_at timestamp(6) not null,
        blacklisted_by varchar(50),
        reason varchar(100),
        token varchar(500) not null,
        primary key (token)
    )
2025-02-10T13:05:02.858Z DEBUG 21616 --- [ID_AUTH_SERVICE] [main] org.hibernate.SQL                        : 
    create table users (
        x_account_non_expired boolean,
        x_email_verified boolean,
        x_enabled boolean,
        x_failed_attempt integer,
        id bigint generated by default as identity,
        ig_last_sync timestamp(6),
        ig_token_expiry timestamp(6),
        x_email_token_expiry timestamp(6),
        x_last_password_change timestamp(6),
        x_lock_time timestamp(6),
        x_password_expiry timestamp(6),
        ig_access_token varchar(1000),
        ig_refresh_token varchar(1000),
        ig_username varchar(255),
        x_email varchar(255) not null unique,
        x_email_verification_token varchar(255),
        x_password varchar(255) not null,
        x_roles varchar(255),
        x_username varchar(255) not null unique,
        primary key (id)
    )
2025-02-10T13:05:02.888Z  INFO 21616 --- [ID_AUTH_SERVICE] [main] j.LocalContainerEntityManagerFactoryBean : Initialized JPA EntityManagerFactory for persistence unit 'default'
2025-02-10T13:05:03.898Z DEBUG 21616 --- [ID_AUTH_SERVICE] [main] c.S.I.JwtAuthenticationFilter            : Filter 'jwtAuthenticationFilter' configured for use
2025-02-10T13:05:04.061Z  WARN 21616 --- [ID_AUTH_SERVICE] [main] JpaBaseConfiguration$JpaWebConfiguration : spring.jpa.open-in-view is enabled by default. Therefore, database queries may be performed during view rendering. Explicitly configure spring.jpa.open-in-view to disable this warning
2025-02-10T13:05:04.755Z  INFO 21616 --- [ID_AUTH_SERVICE] [main] o.s.s.web.DefaultSecurityFilterChain     : Will secure any request with [org.springframework.security.web.session.DisableEncodeUrlFilter@56f19f36, org.springframework.security.web.context.request.async.WebAsyncManagerIntegrationFilter@2faae7f6, org.springframework.security.web.context.SecurityContextHolderFilter@17e66aed, org.springframework.security.web.header.HeaderWriterFilter@7095b688, org.springframework.security.web.authentication.logout.LogoutFilter@62cb977a, com.SocialX.ID_AUTH_SERVICE.JwtAuthenticationFilter@5b5a89d1, org.springframework.security.web.savedrequest.RequestCacheAwareFilter@6a905513, org.springframework.security.web.servletapi.SecurityContextHolderAwareRequestFilter@2f98fe6f, org.springframework.security.web.authentication.AnonymousAuthenticationFilter@673a5aa7, org.springframework.security.web.session.SessionManagementFilter@3ec98000, org.springframework.security.web.access.ExceptionTranslationFilter@e0f2686, org.springframework.security.web.access.intercept.AuthorizationFilter@7ca0b05e]
2025-02-10T13:05:05.340Z  INFO 21616 --- [ID_AUTH_SERVICE] [main] o.s.b.w.embedded.tomcat.TomcatWebServer  : Tomcat started on port 8080 (http) with context path ''
2025-02-10T13:05:05.371Z  INFO 21616 --- [ID_AUTH_SERVICE] [main] c.S.I.IdAuthServiceApplication           : Started IdAuthServiceApplication in 5.335 seconds (process running for 5.61)
2025-02-10T13:05:11.963Z  INFO 21616 --- [ID_AUTH_SERVICE] [http-nio-8080-exec-2] o.a.c.c.C.[Tomcat].[localhost].[/]       : Initializing Spring DispatcherServlet 'dispatcherServlet'
2025-02-10T13:05:11.964Z  INFO 21616 --- [ID_AUTH_SERVICE] [http-nio-8080-exec-2] o.s.web.servlet.DispatcherServlet        : Initializing Servlet 'dispatcherServlet'
2025-02-10T13:05:11.967Z  INFO 21616 --- [ID_AUTH_SERVICE] [http-nio-8080-exec-2] o.s.web.servlet.DispatcherServlet        : Completed initialization in 2 ms
2025-02-10T13:05:12.049Z  WARN 21616 --- [ID_AUTH_SERVICE] [http-nio-8080-exec-2] .w.s.m.s.DefaultHandlerExceptionResolver : Resolved [org.springframework.web.HttpRequestMethodNotSupportedException: Request method 'GET' is not supported]
2025-02-10T13:05:18.258Z DEBUG 21616 --- [ID_AUTH_SERVICE] [http-nio-8080-exec-6] c.S.ID_AUTH_SERVICE.AuthController       : Received registration request
2025-02-10T13:05:18.258Z DEBUG 21616 --- [ID_AUTH_SERVICE] [http-nio-8080-exec-6] c.S.ID_AUTH_SERVICE.AuthController       : Request details - username: testuser, email: test@example.com
2025-02-10T13:05:18.274Z DEBUG 21616 --- [ID_AUTH_SERVICE] [http-nio-8080-exec-6] c.SocialX.ID_AUTH_SERVICE.UserService    : Starting user registration process...
2025-02-10T13:05:18.514Z DEBUG 21616 --- [ID_AUTH_SERVICE] [http-nio-8080-exec-6] c.SocialX.ID_AUTH_SERVICE.UserService    : Attempting to save user to database
2025-02-10T13:05:18.609Z DEBUG 21616 --- [ID_AUTH_SERVICE] [http-nio-8080-exec-6] org.hibernate.SQL                        : 
    insert 
    into
        users
        (x_account_non_expired, x_email, x_email_token_expiry, x_email_verification_token, x_email_verified, x_enabled, x_failed_attempt, ig_access_token, ig_last_sync, ig_refresh_token, ig_token_expiry, ig_username, x_last_password_change, x_lock_time, x_password, x_password_expiry, x_roles, x_username, id) 
    values
        (?, ?, ?, ?, ?, ?, ?, ?, ?, ?, ?, ?, ?, ?, ?, ?, ?, ?, default)
2025-02-10T13:05:18.737Z  INFO 21616 --- [ID_AUTH_SERVICE] [http-nio-8080-exec-6] c.SocialX.ID_AUTH_SERVICE.UserService    : Successfully registered user: testuser
2025-02-10T13:05:18.769Z  INFO 21616 --- [ID_AUTH_SERVICE] [http-nio-8080-exec-6] c.S.ID_AUTH_SERVICE.AuthController       : User registered successfully: testuser
2025-02-10T13:17:43.633Z  INFO 16020 --- [ID_AUTH_SERVICE] [main] c.S.I.IdAuthServiceApplication           : Starting IdAuthServiceApplication using Java 17.0.12 with PID 16020 (C:\Users\will_\OneDrive\Desktop\The Prometheus Group\Applications\SocialX\ID_AUTH_SERVICE\build\classes\java\main started by will_ in C:\Users\will_\OneDrive\Desktop\The Prometheus Group\Applications\SocialX\ID_AUTH_SERVICE)
2025-02-10T13:17:43.636Z DEBUG 16020 --- [ID_AUTH_SERVICE] [main] c.S.I.IdAuthServiceApplication           : Running with Spring Boot v3.2.3, Spring v6.1.4
2025-02-10T13:17:43.638Z  INFO 16020 --- [ID_AUTH_SERVICE] [main] c.S.I.IdAuthServiceApplication           : No active profile set, falling back to 1 default profile: "default"
2025-02-10T13:17:44.273Z  INFO 16020 --- [ID_AUTH_SERVICE] [main] .s.d.r.c.RepositoryConfigurationDelegate : Bootstrapping Spring Data JPA repositories in DEFAULT mode.
2025-02-10T13:17:44.344Z  INFO 16020 --- [ID_AUTH_SERVICE] [main] .s.d.r.c.RepositoryConfigurationDelegate : Finished Spring Data repository scanning in 48 ms. Found 1 JPA repository interface.
2025-02-10T13:17:45.233Z  INFO 16020 --- [ID_AUTH_SERVICE] [main] o.s.b.w.embedded.tomcat.TomcatWebServer  : Tomcat initialized with port 8080 (http)
2025-02-10T13:17:45.245Z  INFO 16020 --- [ID_AUTH_SERVICE] [main] o.apache.catalina.core.StandardService   : Starting service [Tomcat]
2025-02-10T13:17:45.245Z  INFO 16020 --- [ID_AUTH_SERVICE] [main] o.apache.catalina.core.StandardEngine    : Starting Servlet engine: [Apache Tomcat/10.1.19]
2025-02-10T13:17:45.292Z  INFO 16020 --- [ID_AUTH_SERVICE] [main] o.a.c.c.C.[Tomcat].[localhost].[/]       : Initializing Spring embedded WebApplicationContext
2025-02-10T13:17:45.292Z  INFO 16020 --- [ID_AUTH_SERVICE] [main] w.s.c.ServletWebServerApplicationContext : Root WebApplicationContext: initialization completed in 1562 ms
2025-02-10T13:17:45.334Z  INFO 16020 --- [ID_AUTH_SERVICE] [main] com.zaxxer.hikari.HikariDataSource       : HikariPool-1 - Starting...
2025-02-10T13:17:45.498Z  INFO 16020 --- [ID_AUTH_SERVICE] [main] com.zaxxer.hikari.pool.HikariPool        : HikariPool-1 - Added connection conn0: url=jdbc:h2:mem:testdb user=SA
2025-02-10T13:17:45.498Z  INFO 16020 --- [ID_AUTH_SERVICE] [main] com.zaxxer.hikari.HikariDataSource       : HikariPool-1 - Start completed.
2025-02-10T13:17:45.508Z  INFO 16020 --- [ID_AUTH_SERVICE] [main] o.s.b.a.h2.H2ConsoleAutoConfiguration    : H2 console available at '/h2-console'. Database available at 'jdbc:h2:mem:testdb'
2025-02-10T13:17:45.649Z  INFO 16020 --- [ID_AUTH_SERVICE] [main] o.hibernate.jpa.internal.util.LogHelper  : HHH000204: Processing PersistenceUnitInfo [name: default]
2025-02-10T13:17:45.751Z  INFO 16020 --- [ID_AUTH_SERVICE] [main] org.hibernate.Version                    : HHH000412: Hibernate ORM core version 6.4.4.Final
2025-02-10T13:17:45.798Z  INFO 16020 --- [ID_AUTH_SERVICE] [main] o.h.c.internal.RegionFactoryInitiator    : HHH000026: Second-level cache disabled
2025-02-10T13:17:46.137Z  INFO 16020 --- [ID_AUTH_SERVICE] [main] o.s.o.j.p.SpringPersistenceUnitInfo      : No LoadTimeWeaver setup: ignoring JPA class transformer
2025-02-10T13:17:46.197Z  WARN 16020 --- [ID_AUTH_SERVICE] [main] org.hibernate.orm.deprecation            : HHH90000025: H2Dialect does not need to be specified explicitly using 'hibernate.dialect' (remove the property setting and it will be selected by default)
2025-02-10T13:17:47.075Z  INFO 16020 --- [ID_AUTH_SERVICE] [main] o.h.e.t.j.p.i.JtaPlatformInitiator       : HHH000489: No JTA platform available (set 'hibernate.transaction.jta.platform' to enable JTA platform integration)
2025-02-10T13:17:47.085Z DEBUG 16020 --- [ID_AUTH_SERVICE] [main] org.hibernate.SQL                        : 
    drop table if exists token_blacklist cascade 
2025-02-10T13:17:47.099Z DEBUG 16020 --- [ID_AUTH_SERVICE] [main] org.hibernate.SQL                        : 
    drop table if exists users cascade 
2025-02-10T13:17:47.103Z DEBUG 16020 --- [ID_AUTH_SERVICE] [main] org.hibernate.SQL                        : 
    create table token_blacklist (
        blacklisted_at timestamp(6) not null,
        expires_at timestamp(6) not null,
        blacklisted_by varchar(50),
        reason varchar(100),
        token varchar(500) not null,
        primary key (token)
    )
2025-02-10T13:17:47.112Z DEBUG 16020 --- [ID_AUTH_SERVICE] [main] org.hibernate.SQL                        : 
    create table users (
        x_account_non_expired boolean,
        x_email_verified boolean,
        x_enabled boolean,
        x_failed_attempt integer,
        id bigint generated by default as identity,
        ig_last_sync timestamp(6),
        ig_token_expiry timestamp(6),
        x_email_token_expiry timestamp(6),
        x_last_password_change timestamp(6),
        x_lock_time timestamp(6),
        x_password_expiry timestamp(6),
        ig_access_token varchar(1000),
        ig_refresh_token varchar(1000),
        ig_username varchar(255),
        x_email varchar(255) not null unique,
        x_email_verification_token varchar(255),
        x_password varchar(255) not null,
        x_roles varchar(255),
        x_username varchar(255) not null unique,
        primary key (id)
    )
2025-02-10T13:17:47.123Z  INFO 16020 --- [ID_AUTH_SERVICE] [main] j.LocalContainerEntityManagerFactoryBean : Initialized JPA EntityManagerFactory for persistence unit 'default'
2025-02-10T13:17:47.482Z DEBUG 16020 --- [ID_AUTH_SERVICE] [main] c.S.I.JwtAuthenticationFilter            : Filter 'jwtAuthenticationFilter' configured for use
2025-02-10T13:17:47.560Z  WARN 16020 --- [ID_AUTH_SERVICE] [main] JpaBaseConfiguration$JpaWebConfiguration : spring.jpa.open-in-view is enabled by default. Therefore, database queries may be performed during view rendering. Explicitly configure spring.jpa.open-in-view to disable this warning
2025-02-10T13:17:48.202Z  INFO 16020 --- [ID_AUTH_SERVICE] [main] o.s.s.web.DefaultSecurityFilterChain     : Will secure any request with [org.springframework.security.web.session.DisableEncodeUrlFilter@73e63b4d, org.springframework.security.web.context.request.async.WebAsyncManagerIntegrationFilter@8aafd70, org.springframework.security.web.context.SecurityContextHolderFilter@41c83af0, org.springframework.security.web.header.HeaderWriterFilter@5862ab28, org.springframework.security.web.authentication.logout.LogoutFilter@395115ac, com.SocialX.ID_AUTH_SERVICE.JwtAuthenticationFilter@384f0e32, org.springframework.security.web.savedrequest.RequestCacheAwareFilter@60658389, org.springframework.security.web.servletapi.SecurityContextHolderAwareRequestFilter@3ec98000, org.springframework.security.web.authentication.AnonymousAuthenticationFilter@3c717ef2, org.springframework.security.web.session.SessionManagementFilter@7e2f16bd, org.springframework.security.web.access.ExceptionTranslationFilter@6464f017, org.springframework.security.web.access.intercept.AuthorizationFilter@2fca9fae]
2025-02-10T13:17:48.366Z  INFO 16020 --- [ID_AUTH_SERVICE] [main] o.s.b.w.embedded.tomcat.TomcatWebServer  : Tomcat started on port 8080 (http) with context path ''
2025-02-10T13:17:48.377Z  INFO 16020 --- [ID_AUTH_SERVICE] [main] c.S.I.IdAuthServiceApplication           : Started IdAuthServiceApplication in 5.352 seconds (process running for 5.744)
2025-02-10T13:17:58.758Z  INFO 16020 --- [ID_AUTH_SERVICE] [http-nio-8080-exec-1] o.a.c.c.C.[Tomcat].[localhost].[/]       : Initializing Spring DispatcherServlet 'dispatcherServlet'
2025-02-10T13:17:58.758Z  INFO 16020 --- [ID_AUTH_SERVICE] [http-nio-8080-exec-1] o.s.web.servlet.DispatcherServlet        : Initializing Servlet 'dispatcherServlet'
2025-02-10T13:17:58.758Z  INFO 16020 --- [ID_AUTH_SERVICE] [http-nio-8080-exec-1] o.s.web.servlet.DispatcherServlet        : Completed initialization in 0 ms
2025-02-10T13:17:58.917Z DEBUG 16020 --- [ID_AUTH_SERVICE] [http-nio-8080-exec-1] c.S.ID_AUTH_SERVICE.AuthController       : Received registration request
2025-02-10T13:17:58.917Z DEBUG 16020 --- [ID_AUTH_SERVICE] [http-nio-8080-exec-1] c.S.ID_AUTH_SERVICE.AuthController       : Request details - username: testuser, email: test@example.com
2025-02-10T13:17:58.917Z DEBUG 16020 --- [ID_AUTH_SERVICE] [http-nio-8080-exec-1] c.SocialX.ID_AUTH_SERVICE.UserService    : Starting user registration process...
2025-02-10T13:17:58.980Z DEBUG 16020 --- [ID_AUTH_SERVICE] [http-nio-8080-exec-1] c.SocialX.ID_AUTH_SERVICE.UserService    : Attempting to save user to database
2025-02-10T13:17:59.031Z DEBUG 16020 --- [ID_AUTH_SERVICE] [http-nio-8080-exec-1] org.hibernate.SQL                        : 
    insert 
    into
        users
        (x_account_non_expired, x_email, x_email_token_expiry, x_email_verification_token, x_email_verified, x_enabled, x_failed_attempt, ig_access_token, ig_last_sync, ig_refresh_token, ig_token_expiry, ig_username, x_last_password_change, x_lock_time, x_password, x_password_expiry, x_roles, x_username, id) 
    values
        (?, ?, ?, ?, ?, ?, ?, ?, ?, ?, ?, ?, ?, ?, ?, ?, ?, ?, default)
2025-02-10T13:17:59.092Z  INFO 16020 --- [ID_AUTH_SERVICE] [http-nio-8080-exec-1] c.SocialX.ID_AUTH_SERVICE.UserService    : Successfully registered user: testuser
2025-02-10T13:17:59.108Z  INFO 16020 --- [ID_AUTH_SERVICE] [http-nio-8080-exec-1] c.S.ID_AUTH_SERVICE.AuthController       : User registered successfully: testuser
2025-02-10T13:33:01.895Z  INFO 11628 --- [ID_AUTH_SERVICE] [main] c.S.I.IdAuthServiceApplication           : Starting IdAuthServiceApplication using Java 17.0.12 with PID 11628 (C:\Users\will_\OneDrive\Desktop\The Prometheus Group\Applications\SocialX\ID_AUTH_SERVICE\build\classes\java\main started by will_ in C:\Users\will_\OneDrive\Desktop\The Prometheus Group\Applications\SocialX\ID_AUTH_SERVICE)
2025-02-10T13:33:01.895Z DEBUG 11628 --- [ID_AUTH_SERVICE] [main] c.S.I.IdAuthServiceApplication           : Running with Spring Boot v3.2.3, Spring v6.1.4
2025-02-10T13:33:01.895Z  INFO 11628 --- [ID_AUTH_SERVICE] [main] c.S.I.IdAuthServiceApplication           : No active profile set, falling back to 1 default profile: "default"
2025-02-10T13:33:02.283Z  INFO 11628 --- [ID_AUTH_SERVICE] [main] .s.d.r.c.RepositoryConfigurationDelegate : Bootstrapping Spring Data JPA repositories in DEFAULT mode.
2025-02-10T13:33:02.317Z  INFO 11628 --- [ID_AUTH_SERVICE] [main] .s.d.r.c.RepositoryConfigurationDelegate : Finished Spring Data repository scanning in 28 ms. Found 1 JPA repository interface.
2025-02-10T13:33:02.889Z  INFO 11628 --- [ID_AUTH_SERVICE] [main] o.s.b.w.embedded.tomcat.TomcatWebServer  : Tomcat initialized with port 8080 (http)
2025-02-10T13:33:02.898Z  INFO 11628 --- [ID_AUTH_SERVICE] [main] o.apache.catalina.core.StandardService   : Starting service [Tomcat]
2025-02-10T13:33:02.898Z  INFO 11628 --- [ID_AUTH_SERVICE] [main] o.apache.catalina.core.StandardEngine    : Starting Servlet engine: [Apache Tomcat/10.1.19]
2025-02-10T13:33:02.944Z  INFO 11628 --- [ID_AUTH_SERVICE] [main] o.a.c.c.C.[Tomcat].[localhost].[/]       : Initializing Spring embedded WebApplicationContext
2025-02-10T13:33:02.944Z  INFO 11628 --- [ID_AUTH_SERVICE] [main] w.s.c.ServletWebServerApplicationContext : Root WebApplicationContext: initialization completed in 992 ms
2025-02-10T13:33:02.974Z  INFO 11628 --- [ID_AUTH_SERVICE] [main] com.zaxxer.hikari.HikariDataSource       : HikariPool-1 - Starting...
2025-02-10T13:33:03.089Z  INFO 11628 --- [ID_AUTH_SERVICE] [main] com.zaxxer.hikari.pool.HikariPool        : HikariPool-1 - Added connection conn0: url=jdbc:h2:mem:testdb user=SA
2025-02-10T13:33:03.090Z  INFO 11628 --- [ID_AUTH_SERVICE] [main] com.zaxxer.hikari.HikariDataSource       : HikariPool-1 - Start completed.
2025-02-10T13:33:03.098Z  INFO 11628 --- [ID_AUTH_SERVICE] [main] o.s.b.a.h2.H2ConsoleAutoConfiguration    : H2 console available at '/h2-console'. Database available at 'jdbc:h2:mem:testdb'
2025-02-10T13:33:03.174Z  INFO 11628 --- [ID_AUTH_SERVICE] [main] o.hibernate.jpa.internal.util.LogHelper  : HHH000204: Processing PersistenceUnitInfo [name: default]
2025-02-10T13:33:03.212Z  INFO 11628 --- [ID_AUTH_SERVICE] [main] org.hibernate.Version                    : HHH000412: Hibernate ORM core version 6.4.4.Final
2025-02-10T13:33:03.244Z  INFO 11628 --- [ID_AUTH_SERVICE] [main] o.h.c.internal.RegionFactoryInitiator    : HHH000026: Second-level cache disabled
2025-02-10T13:33:03.413Z  INFO 11628 --- [ID_AUTH_SERVICE] [main] o.s.o.j.p.SpringPersistenceUnitInfo      : No LoadTimeWeaver setup: ignoring JPA class transformer
2025-02-10T13:33:03.440Z  WARN 11628 --- [ID_AUTH_SERVICE] [main] org.hibernate.orm.deprecation            : HHH90000025: H2Dialect does not need to be specified explicitly using 'hibernate.dialect' (remove the property setting and it will be selected by default)
2025-02-10T13:33:04.019Z  INFO 11628 --- [ID_AUTH_SERVICE] [main] o.h.e.t.j.p.i.JtaPlatformInitiator       : HHH000489: No JTA platform available (set 'hibernate.transaction.jta.platform' to enable JTA platform integration)
2025-02-10T13:33:04.030Z DEBUG 11628 --- [ID_AUTH_SERVICE] [main] org.hibernate.SQL                        : 
    drop table if exists token_blacklist cascade 
2025-02-10T13:33:04.034Z DEBUG 11628 --- [ID_AUTH_SERVICE] [main] org.hibernate.SQL                        : 
    drop table if exists users cascade 
2025-02-10T13:33:04.037Z DEBUG 11628 --- [ID_AUTH_SERVICE] [main] org.hibernate.SQL                        : 
    create table token_blacklist (
        blacklisted_at timestamp(6) not null,
        expires_at timestamp(6) not null,
        blacklisted_by varchar(50),
        reason varchar(100),
        token varchar(500) not null,
        primary key (token)
    )
2025-02-10T13:33:04.043Z DEBUG 11628 --- [ID_AUTH_SERVICE] [main] org.hibernate.SQL                        : 
    create table users (
        x_account_non_expired boolean,
        x_email_verified boolean,
        x_enabled boolean,
        x_failed_attempt integer,
        id bigint generated by default as identity,
        ig_last_sync timestamp(6),
        ig_token_expiry timestamp(6),
        x_email_token_expiry timestamp(6),
        x_last_password_change timestamp(6),
        x_lock_time timestamp(6),
        x_password_expiry timestamp(6),
        x_token_expiry timestamp(6),
        x_token_issued timestamp(6),
        ig_access_token varchar(1000),
        ig_refresh_token varchar(1000),
        x_access_token varchar(1000),
        x_refresh_token varchar(1000),
        ig_username varchar(255),
        x_email varchar(255) not null unique,
        x_email_verification_token varchar(255),
        x_password varchar(255) not null,
        x_roles varchar(255),
        x_username varchar(255) not null unique,
        primary key (id)
    )
2025-02-10T13:33:04.052Z  INFO 11628 --- [ID_AUTH_SERVICE] [main] j.LocalContainerEntityManagerFactoryBean : Initialized JPA EntityManagerFactory for persistence unit 'default'
2025-02-10T13:33:04.469Z DEBUG 11628 --- [ID_AUTH_SERVICE] [main] c.S.I.JwtAuthenticationFilter            : Filter 'jwtAuthenticationFilter' configured for use
2025-02-10T13:33:04.654Z  WARN 11628 --- [ID_AUTH_SERVICE] [main] JpaBaseConfiguration$JpaWebConfiguration : spring.jpa.open-in-view is enabled by default. Therefore, database queries may be performed during view rendering. Explicitly configure spring.jpa.open-in-view to disable this warning
2025-02-10T13:33:05.327Z  INFO 11628 --- [ID_AUTH_SERVICE] [main] o.s.s.web.DefaultSecurityFilterChain     : Will secure any request with [org.springframework.security.web.session.DisableEncodeUrlFilter@5f01361e, org.springframework.security.web.context.request.async.WebAsyncManagerIntegrationFilter@769a9b7a, org.springframework.security.web.context.SecurityContextHolderFilter@3d9cba2, org.springframework.security.web.header.HeaderWriterFilter@61c0fb12, org.springframework.security.web.authentication.logout.LogoutFilter@106b476a, com.SocialX.ID_AUTH_SERVICE.JwtAuthenticationFilter@4b552b13, org.springframework.security.web.savedrequest.RequestCacheAwareFilter@506e382b, org.springframework.security.web.servletapi.SecurityContextHolderAwareRequestFilter@5a464be7, org.springframework.security.web.authentication.AnonymousAuthenticationFilter@2d568cff, org.springframework.security.web.session.SessionManagementFilter@1e6e29d6, org.springframework.security.web.access.ExceptionTranslationFilter@7ca0b05e, org.springframework.security.web.access.intercept.AuthorizationFilter@39921410]
2025-02-10T13:33:05.925Z  INFO 11628 --- [ID_AUTH_SERVICE] [main] o.s.b.w.embedded.tomcat.TomcatWebServer  : Tomcat started on port 8080 (http) with context path ''
2025-02-10T13:33:05.954Z  INFO 11628 --- [ID_AUTH_SERVICE] [main] c.S.I.IdAuthServiceApplication           : Started IdAuthServiceApplication in 4.456 seconds (process running for 4.687)
2025-02-10T13:33:22.432Z  INFO 11628 --- [ID_AUTH_SERVICE] [http-nio-8080-exec-2] o.a.c.c.C.[Tomcat].[localhost].[/]       : Initializing Spring DispatcherServlet 'dispatcherServlet'
2025-02-10T13:33:22.433Z  INFO 11628 --- [ID_AUTH_SERVICE] [http-nio-8080-exec-2] o.s.web.servlet.DispatcherServlet        : Initializing Servlet 'dispatcherServlet'
2025-02-10T13:33:22.435Z  INFO 11628 --- [ID_AUTH_SERVICE] [http-nio-8080-exec-2] o.s.web.servlet.DispatcherServlet        : Completed initialization in 2 ms
2025-02-10T13:33:22.752Z DEBUG 11628 --- [ID_AUTH_SERVICE] [http-nio-8080-exec-2] c.S.ID_AUTH_SERVICE.AuthController       : Received registration request
2025-02-10T13:33:22.753Z DEBUG 11628 --- [ID_AUTH_SERVICE] [http-nio-8080-exec-2] c.S.ID_AUTH_SERVICE.AuthController       : Request details - username: testuser, email: test@example.com
2025-02-10T13:33:22.769Z DEBUG 11628 --- [ID_AUTH_SERVICE] [http-nio-8080-exec-2] c.SocialX.ID_AUTH_SERVICE.UserService    : Starting user registration process...
2025-02-10T13:33:22.995Z DEBUG 11628 --- [ID_AUTH_SERVICE] [http-nio-8080-exec-2] c.SocialX.ID_AUTH_SERVICE.UserService    : Attempting to save user to database
2025-02-10T13:33:23.069Z DEBUG 11628 --- [ID_AUTH_SERVICE] [http-nio-8080-exec-2] org.hibernate.SQL                        : 
    insert 
    into
        users
        (x_account_non_expired, x_email, x_email_token_expiry, x_email_verification_token, x_email_verified, x_enabled, x_failed_attempt, ig_access_token, ig_last_sync, ig_refresh_token, ig_token_expiry, ig_username, x_last_password_change, x_lock_time, x_password, x_password_expiry, x_roles, x_access_token, x_refresh_token, x_token_expiry, x_token_issued, x_username, id) 
    values
        (?, ?, ?, ?, ?, ?, ?, ?, ?, ?, ?, ?, ?, ?, ?, ?, ?, ?, ?, ?, ?, ?, default)
2025-02-10T13:33:23.185Z  INFO 11628 --- [ID_AUTH_SERVICE] [http-nio-8080-exec-2] c.SocialX.ID_AUTH_SERVICE.UserService    : Successfully registered user: testuser
2025-02-10T13:33:23.207Z  INFO 11628 --- [ID_AUTH_SERVICE] [http-nio-8080-exec-2] c.S.ID_AUTH_SERVICE.AuthController       : User registered successfully: testuser
